<?xml version="1.0" encoding="UTF-8"?>
<!-- Generated by org.testng.reporters.JUnitReportReporter -->
<testsuite hostname="DESKTOP-2T02PLP" failures="0" tests="1" name="RequestSpecBuilderAndResponseSpecBuilder.CreteProjwrtrmgyantrapratice" time="3.082" errors="0" timestamp="2023-08-14T10:55:54 IST" skipped="0">
  <testcase classname="RequestSpecBuilderAndResponseSpecBuilder.CreteProjwrtrmgyantrapratice" name="creteProjForSerialization" time="3.082"/>
  <system-out/>
</testsuite> <!-- RequestSpecBuilderAndResponseSpecBuilder.CreteProjwrtrmgyantrapratice -->
