<?xml version="1.0" encoding="UTF-8"?>
<!-- Generated by org.testng.reporters.JUnitReportReporter -->
<testsuite hostname="DESKTOP-2T02PLP" failures="0" tests="1" name="CrudWithBddWithReqresUsingJsonFile.Create" time="3.743" errors="0" timestamp="2023-08-04T16:37:51 IST" skipped="0">
  <testcase classname="CrudWithBddWithReqresUsingJsonFile.Create" name="create" time="3.743"/>
  <system-out/>
</testsuite> <!-- CrudWithBddWithReqresUsingJsonFile.Create -->
