<?xml version="1.0" encoding="UTF-8"?>
<!-- Generated by org.testng.reporters.JUnitReportReporter -->
<testsuite hostname="DESKTOP-2T02PLP" failures="0" tests="1" name="CrudWithBddWithReqres.Update" time="0.973" errors="0" timestamp="2023-08-04T16:06:52 IST" skipped="0">
  <testcase classname="CrudWithBddWithReqres.Update" name="update" time="0.973"/>
  <system-out/>
</testsuite> <!-- CrudWithBddWithReqres.Update -->
