<?xml version="1.0" encoding="UTF-8"?>
<!-- Generated by org.testng.reporters.JUnitReportReporter -->
<testsuite hostname="DESKTOP-2T02PLP" failures="0" tests="1" name="CrudWithBddWithRmgyantraUsingPojoClass.DeleteProject" time="3.494" errors="0" timestamp="2023-08-07T13:10:41 IST" skipped="0">
  <testcase classname="CrudWithBddWithRmgyantraUsingPojoClass.DeleteProject" name="deleteProject" time="3.494"/>
  <system-out/>
</testsuite> <!-- CrudWithBddWithRmgyantraUsingPojoClass.DeleteProject -->
