<?xml version="1.0" encoding="UTF-8"?>
<!-- Generated by org.testng.reporters.JUnitReportReporter -->
<testsuite hostname="DESKTOP-2T02PLP" failures="0" tests="1" name="SerializationAndDeserialization.SerializationAndDeserializationWrtObjectInsideObject" time="0.303" errors="0" timestamp="2023-08-10T12:35:51 IST" skipped="0">
  <testcase classname="SerializationAndDeserialization.SerializationAndDeserializationWrtObjectInsideObject" name="employeeObjectInsObjectDeSerialization" time="0.303"/>
  <system-out/>
</testsuite> <!-- SerializationAndDeserialization.SerializationAndDeserializationWrtObjectInsideObject -->
