<?xml version="1.0" encoding="UTF-8"?>
<!-- Generated by org.testng.reporters.JUnitReportReporter -->
<testsuite hostname="DESKTOP-2T02PLP" failures="0" tests="1" name="SerializationAndDeserialization.SeralizationAndDeseralizationEx" time="0.306" errors="0" timestamp="2023-08-10T10:37:18 IST" skipped="0">
  <testcase classname="SerializationAndDeserialization.SeralizationAndDeseralizationEx" name="employeeDeserial" time="0.306"/>
  <system-out/>
</testsuite> <!-- SerializationAndDeserialization.SeralizationAndDeseralizationEx -->
