<?xml version="1.0" encoding="UTF-8"?>
<!-- Generated by org.testng.reporters.JUnitReportReporter -->
<testsuite hostname="DESKTOP-2T02PLP" failures="0" tests="1" name="HeaderValidationWrtRmgYantra.HeaderValidation" time="2.261" errors="0" timestamp="2023-08-09T16:01:15 IST" skipped="0">
  <testcase classname="HeaderValidationWrtRmgYantra.HeaderValidation" name="headerValidation" time="2.261"/>
  <system-out/>
</testsuite> <!-- HeaderValidationWrtRmgYantra.HeaderValidation -->
