<?xml version="1.0" encoding="UTF-8"?>
<!-- Generated by org.testng.reporters.JUnitReportReporter -->
<testsuite hostname="DESKTOP-2T02PLP" failures="0" tests="1" name="CrudWithBddWithReqresUsingPojoClass.CrudRequestWithReqres" time="4.776" errors="0" timestamp="2023-08-07T16:00:45 IST" skipped="0">
  <testcase classname="CrudWithBddWithReqresUsingPojoClass.CrudRequestWithReqres" name="getAllUsers" time="4.776"/>
  <system-out/>
</testsuite> <!-- CrudWithBddWithReqresUsingPojoClass.CrudRequestWithReqres -->
