<?xml version="1.0" encoding="UTF-8"?>
<!-- Generated by org.testng.reporters.JUnitReportReporter -->
<testsuite hostname="DESKTOP-2T02PLP" failures="0" tests="1" name="CrudWithoutBddWithRmgYantra.UpdateProject" time="3.643" errors="0" timestamp="2023-08-04T12:40:31 IST" skipped="0">
  <testcase classname="CrudWithoutBddWithRmgYantra.UpdateProject" name="updateProject" time="3.643"/>
  <system-out/>
</testsuite> <!-- CrudWithoutBddWithRmgYantra.UpdateProject -->
