<?xml version="1.0" encoding="UTF-8"?>
<!-- Generated by org.testng.reporters.JUnitReportReporter -->
<testsuite hostname="DESKTOP-2T02PLP" failures="0" tests="1" name="InterviewQuestion.ToCheckWeatherTheResponseBodyIsJsonObject" time="2.667" errors="0" timestamp="2023-08-21T11:14:13 IST" skipped="0">
  <testcase classname="InterviewQuestion.ToCheckWeatherTheResponseBodyIsJsonObject" name="CheckjsonObject" time="2.667"/>
  <system-out/>
</testsuite> <!-- InterviewQuestion.ToCheckWeatherTheResponseBodyIsJsonObject -->
