<?xml version="1.0" encoding="UTF-8"?>
<!-- Generated by org.testng.reporters.JUnitReportReporter -->
<testsuite hostname="DESKTOP-2T02PLP" failures="0" tests="1" name="InterviewQuestion.HowToKeepSensitiveDataOutOfTheLogTest" time="2.466" errors="0" timestamp="2023-08-21T12:46:22 IST" skipped="0">
  <testcase classname="InterviewQuestion.HowToKeepSensitiveDataOutOfTheLogTest" name="sample" time="2.466"/>
  <system-out/>
</testsuite> <!-- InterviewQuestion.HowToKeepSensitiveDataOutOfTheLogTest -->
