<?xml version="1.0" encoding="UTF-8"?>
<!-- Generated by org.testng.reporters.JUnitReportReporter -->
<testsuite hostname="DESKTOP-2T02PLP" failures="0" tests="1" name="ShopperStack.ShopperStack" time="13.356" errors="0" timestamp="2023-08-29T15:35:44 IST" skipped="0">
  <testcase classname="ShopperStack.ShopperStack" name="registerAsAStopper" time="13.356"/>
  <system-out/>
</testsuite> <!-- ShopperStack.ShopperStack -->
