<?xml version="1.0" encoding="UTF-8"?>
<!-- Generated by org.testng.reporters.JUnitReportReporter -->
<testsuite hostname="DESKTOP-2T02PLP" failures="0" tests="1" name="CrudWithBddWithRmgyantra.CreateProject" time="3.569" errors="0" timestamp="2023-08-04T16:14:08 IST" skipped="0">
  <testcase classname="CrudWithBddWithRmgyantra.CreateProject" name="createProject" time="3.569"/>
  <system-out/>
</testsuite> <!-- CrudWithBddWithRmgyantra.CreateProject -->
