<?xml version="1.0" encoding="UTF-8"?>
<!-- Generated by org.testng.reporters.JUnitReportReporter -->
<testsuite hostname="DESKTOP-2T02PLP" failures="0" tests="1" name="InterviewQuestion.MultipleWayToSendCookies" time="2.424" errors="0" timestamp="2023-08-21T12:35:48 IST" skipped="0">
  <testcase classname="InterviewQuestion.MultipleWayToSendCookies" name="fourthWay" time="2.424"/>
  <system-out/>
</testsuite> <!-- InterviewQuestion.MultipleWayToSendCookies -->
