<?xml version="1.0" encoding="UTF-8"?>
<!-- Generated by org.testng.reporters.JUnitReportReporter -->
<testsuite hostname="DESKTOP-2T02PLP" failures="0" tests="1" name="CrudWithBddUsingAuthentication.CrudOperationsWRTRmgYantra" time="2.726" errors="0" timestamp="2023-08-08T15:37:37 IST" skipped="0">
  <testcase classname="CrudWithBddUsingAuthentication.CrudOperationsWRTRmgYantra" name="digestAuth" time="2.726"/>
  <system-out/>
</testsuite> <!-- CrudWithBddUsingAuthentication.CrudOperationsWRTRmgYantra -->
