<?xml version="1.0" encoding="UTF-8"?>
<!-- Generated by org.testng.reporters.JUnitReportReporter -->
<testsuite hostname="DESKTOP-2T02PLP" failures="0" tests="1" name="CrudWithBddWithRmgyantra.UpdateProject" time="3.100" errors="0" timestamp="2023-08-04T16:15:16 IST" skipped="0">
  <testcase classname="CrudWithBddWithRmgyantra.UpdateProject" name="updateProject" time="3.100"/>
  <system-out/>
</testsuite> <!-- CrudWithBddWithRmgyantra.UpdateProject -->
