<?xml version="1.0" encoding="UTF-8"?>
<!-- Generated by org.testng.reporters.JUnitReportReporter -->
<testsuite hostname="DESKTOP-2T02PLP" failures="0" tests="1" name="CrudWithBddUsingParameter.CrudOperationWRTParameter" time="2.504" errors="0" timestamp="2023-08-08T09:40:01 IST" skipped="0">
  <testcase classname="CrudWithBddUsingParameter.CrudOperationWRTParameter" name="deleteProj" time="2.504"/>
  <system-out/>
</testsuite> <!-- CrudWithBddUsingParameter.CrudOperationWRTParameter -->
