<?xml version="1.0" encoding="UTF-8"?>
<!-- Generated by org.testng.reporters.JUnitReportReporter -->
<testsuite hostname="DESKTOP-2T02PLP" failures="0" tests="3" name="CrudWithBddUsingDDT.DDtUsingReqres" time="11.128" errors="0" timestamp="2023-08-09T17:18:51 IST" skipped="0">
  <testcase classname="CrudWithBddUsingDDT.DDtUsingReqres" name="crudUsingReqres" time="1.767"/>
  <system-out/>
  <testcase classname="CrudWithBddUsingDDT.DDtUsingReqres" name="crudUsingReqres" time="7.763"/>
  <system-out/>
  <testcase classname="CrudWithBddUsingDDT.DDtUsingReqres" name="crudUsingReqres" time="1.598"/>
  <system-out/>
</testsuite> <!-- CrudWithBddUsingDDT.DDtUsingReqres -->
