<?xml version="1.0" encoding="UTF-8"?>
<!-- Generated by org.testng.reporters.JUnitReportReporter -->
<testsuite hostname="DESKTOP-2T02PLP" failures="0" tests="1" name="SerializationAndDeserialization.SrializationAndDeserializationWrtEmployee2WithArray" time="0.341" errors="0" timestamp="2023-08-10T11:26:20 IST" skipped="0">
  <testcase classname="SerializationAndDeserialization.SrializationAndDeserializationWrtEmployee2WithArray" name="employee2Desialization" time="0.341"/>
  <system-out/>
</testsuite> <!-- SerializationAndDeserialization.SrializationAndDeserializationWrtEmployee2WithArray -->
