<?xml version="1.0" encoding="UTF-8"?>
<!-- Generated by org.testng.reporters.JUnitReportReporter -->
<testsuite hostname="DESKTOP-2T02PLP" failures="0" tests="1" name="CrudWithoutBddWithRmgYantra.GetProjects" time="3.205" errors="0" timestamp="2023-08-04T12:55:13 IST" skipped="0">
  <testcase classname="CrudWithoutBddWithRmgYantra.GetProjects" name="getProjects" time="3.205"/>
  <system-out/>
</testsuite> <!-- CrudWithoutBddWithRmgYantra.GetProjects -->
