<?xml version="1.0" encoding="UTF-8"?>
<!-- Generated by org.testng.reporters.JUnitReportReporter -->
<testsuite hostname="DESKTOP-2T02PLP" failures="0" tests="3" name="CrudWithBddUsingDDT.Ddt" time="3.288" errors="0" timestamp="2023-08-08T11:48:03 IST" skipped="0">
  <testcase classname="CrudWithBddUsingDDT.Ddt" name="crudOperationUsingDdt" time="0.123"/>
  <system-out/>
  <testcase classname="CrudWithBddUsingDDT.Ddt" name="crudOperationUsingDdt" time="3.045"/>
  <system-out/>
  <testcase classname="CrudWithBddUsingDDT.Ddt" name="crudOperationUsingDdt" time="0.120"/>
  <system-out/>
</testsuite> <!-- CrudWithBddUsingDDT.Ddt -->
