<?xml version="1.0" encoding="UTF-8"?>
<!-- Generated by org.testng.reporters.JUnitReportReporter -->
<testsuite hostname="DESKTOP-2T02PLP" failures="0" tests="1" name="CrudWithoutBddWithReqres.DeleteProject" time="1.010" errors="0" timestamp="2023-08-04T13:15:04 IST" skipped="0">
  <testcase classname="CrudWithoutBddWithReqres.DeleteProject" name="deleteProject" time="1.010"/>
  <system-out/>
</testsuite> <!-- CrudWithoutBddWithReqres.DeleteProject -->
