<?xml version="1.0" encoding="UTF-8"?>
<!-- Generated by org.testng.reporters.JUnitReportReporter -->
<testsuite hostname="DESKTOP-2T02PLP" failures="0" tests="1" name="CrudWithBddWithRmgyantraUsingPojoClass.GetProject" time="5.268" errors="0" timestamp="2023-08-07T13:26:12 IST" skipped="0">
  <testcase classname="CrudWithBddWithRmgyantraUsingPojoClass.GetProject" name="getProject" time="5.268"/>
  <system-out/>
</testsuite> <!-- CrudWithBddWithRmgyantraUsingPojoClass.GetProject -->
