<?xml version="1.0" encoding="UTF-8"?>
<!-- Generated by org.testng.reporters.JUnitReportReporter -->
<testsuite hostname="DESKTOP-2T02PLP" failures="0" tests="1" name="CrudWithoutBddWithReqres.CreateProject" time="6.701" errors="0" timestamp="2023-08-04T13:15:04 IST" skipped="0">
  <testcase classname="CrudWithoutBddWithReqres.CreateProject" name="createProject" time="6.701"/>
  <system-out/>
</testsuite> <!-- CrudWithoutBddWithReqres.CreateProject -->
