<?xml version="1.0" encoding="UTF-8"?>
<!-- Generated by org.testng.reporters.JUnitReportReporter -->
<testsuite hostname="DESKTOP-2T02PLP" failures="0" tests="1" name="CrudWithBddWithRmgyantra.GetProject" time="2.821" errors="0" timestamp="2023-08-04T16:14:42 IST" skipped="0">
  <testcase classname="CrudWithBddWithRmgyantra.GetProject" name="getProject" time="2.821"/>
  <system-out/>
</testsuite> <!-- CrudWithBddWithRmgyantra.GetProject -->
