<?xml version="1.0" encoding="UTF-8"?>
<!-- Generated by org.testng.reporters.JUnitReportReporter -->
<testsuite hostname="DESKTOP-2T02PLP" failures="0" tests="1" name="CrudWithBddWithRmgyantraUsingPojoClass.UpdateProject" time="2.935" errors="0" timestamp="2023-08-07T13:06:59 IST" skipped="0">
  <testcase classname="CrudWithBddWithRmgyantraUsingPojoClass.UpdateProject" name="updateProject" time="2.935"/>
  <system-out/>
</testsuite> <!-- CrudWithBddWithRmgyantraUsingPojoClass.UpdateProject -->
