<?xml version="1.0" encoding="UTF-8"?>
<!-- Generated by org.testng.reporters.JUnitReportReporter -->
<testsuite hostname="DESKTOP-2T02PLP" failures="0" tests="1" name="CrudWithBddUsingDDT.A" time="0.011" errors="0" timestamp="2023-08-09T17:24:57 IST" skipped="0">
  <testcase classname="CrudWithBddUsingDDT.A" name="m" time="0.011"/>
  <system-out/>
</testsuite> <!-- CrudWithBddUsingDDT.A -->
