<?xml version="1.0" encoding="UTF-8"?>
<!-- Generated by org.testng.reporters.JUnitReportReporter -->
<testsuite hostname="DESKTOP-2T02PLP" failures="0" tests="1" name="CrudWithoutBddWithReqres.GetProject" time="0.564" errors="0" timestamp="2023-08-04T13:15:04 IST" skipped="0">
  <testcase classname="CrudWithoutBddWithReqres.GetProject" name="getProject" time="0.564"/>
  <system-out/>
</testsuite> <!-- CrudWithoutBddWithReqres.GetProject -->
