<?xml version="1.0" encoding="UTF-8"?>
<!-- Generated by org.testng.reporters.JUnitReportReporter -->
<testsuite hostname="DESKTOP-2T02PLP" failures="0" tests="1" name="RequestSpecBuilderAndResponseSpecBuilder.CreateProjWRTRmgYantra" time="4.134" errors="0" timestamp="2023-08-09T15:34:58 IST" skipped="0">
  <testcase classname="RequestSpecBuilderAndResponseSpecBuilder.CreateProjWRTRmgYantra" name="proj" time="4.134"/>
  <system-out/>
</testsuite> <!-- RequestSpecBuilderAndResponseSpecBuilder.CreateProjWRTRmgYantra -->
