<?xml version="1.0" encoding="UTF-8"?>
<!-- Generated by org.testng.reporters.JUnitReportReporter -->
<testsuite hostname="DESKTOP-2T02PLP" failures="0" tests="1" name="CrudWithBddWithRmgyantraUsingPojoClass.CreateProject" time="3.096" errors="0" timestamp="2023-08-09T15:35:36 IST" skipped="0">
  <testcase classname="CrudWithBddWithRmgyantraUsingPojoClass.CreateProject" name="createProject" time="3.096"/>
  <system-out/>
</testsuite> <!-- CrudWithBddWithRmgyantraUsingPojoClass.CreateProject -->
