<?xml version="1.0" encoding="UTF-8"?>
<!-- Generated by org.testng.reporters.JUnitReportReporter -->
<testsuite hostname="DESKTOP-2T02PLP" failures="0" tests="1" name="JsonSchemaValidation.JsonSchemaValidate" time="4.293" errors="0" timestamp="2023-08-13T11:16:47 IST" skipped="0">
  <testcase classname="JsonSchemaValidation.JsonSchemaValidate" name="jsonSchemaValidation" time="4.293"/>
  <system-out/>
</testsuite> <!-- JsonSchemaValidation.JsonSchemaValidate -->
