<?xml version="1.0" encoding="UTF-8"?>
<!-- Generated by org.testng.reporters.JUnitReportReporter -->
<testsuite hostname="DESKTOP-2T02PLP" failures="0" tests="1" name="CrudWithoutBddWithRmgYantra.DeleteProject" time="3.101" errors="0" timestamp="2023-08-04T12:40:55 IST" skipped="0">
  <testcase classname="CrudWithoutBddWithRmgYantra.DeleteProject" name="deleteProject" time="3.101"/>
  <system-out/>
</testsuite> <!-- CrudWithoutBddWithRmgYantra.DeleteProject -->
