<?xml version="1.0" encoding="UTF-8"?>
<!-- Generated by org.testng.reporters.JUnitReportReporter -->
<testsuite hostname="DESKTOP-2T02PLP" failures="0" tests="1" name="CoopsApiWrtOuath2.CreateOuath" time="9.258" errors="0" timestamp="2023-08-09T11:04:21 IST" skipped="0">
  <testcase classname="CoopsApiWrtOuath2.CreateOuath" name="athentication" time="9.258"/>
  <system-out/>
</testsuite> <!-- CoopsApiWrtOuath2.CreateOuath -->
