<?xml version="1.0" encoding="UTF-8"?>
<!-- Generated by org.testng.reporters.JUnitReportReporter -->
<testsuite hostname="DESKTOP-2T02PLP" failures="0" tests="1" name="CrudWithBddUsingRequestChaining.CrudOperationWRTRmgYantra" time="3.984" errors="0" timestamp="2023-08-08T10:18:45 IST" skipped="0">
  <testcase classname="CrudWithBddUsingRequestChaining.CrudOperationWRTRmgYantra" name="createProj" time="3.984"/>
  <system-out/>
</testsuite> <!-- CrudWithBddUsingRequestChaining.CrudOperationWRTRmgYantra -->
