<?xml version="1.0" encoding="UTF-8"?>
<!-- Generated by org.testng.reporters.JUnitReportReporter -->
<testsuite hostname="DESKTOP-2T02PLP" failures="0" tests="4" name="CrudWithBddWithReqresUsingPojoClass.CreateRequest" time="15.068" errors="0" timestamp="2023-08-07T10:56:54 IST" skipped="0">
  <testcase classname="CrudWithBddWithReqresUsingPojoClass.CreateRequest" name="createRequest" time="6.381"/>
  <system-out/>
  <testcase classname="CrudWithBddWithReqresUsingPojoClass.CreateRequest" name="getRequest" time="2.673"/>
  <system-out/>
  <testcase classname="CrudWithBddWithReqresUsingPojoClass.CreateRequest" name="updateRequest" time="1.964"/>
  <system-out/>
  <testcase classname="CrudWithBddWithReqresUsingPojoClass.CreateRequest" name="deleteRequest" time="4.050"/>
  <system-out/>
</testsuite> <!-- CrudWithBddWithReqresUsingPojoClass.CreateRequest -->
