<?xml version="1.0" encoding="UTF-8"?>
<!-- Generated by org.testng.reporters.JUnitReportReporter -->
<testsuite hostname="DESKTOP-2T02PLP" failures="0" tests="2" name="CrudWithBddUsingAuthentication.CrudWRTGithubApi" time="7.150" errors="0" timestamp="2023-08-08T16:20:23 IST" skipped="0">
  <testcase classname="CrudWithBddUsingAuthentication.CrudWRTGithubApi" name="get" time="1.410"/>
  <system-out/>
  <testcase classname="CrudWithBddUsingAuthentication.CrudWRTGithubApi" name="create" time="5.740"/>
  <system-out/>
</testsuite> <!-- CrudWithBddUsingAuthentication.CrudWRTGithubApi -->
