<?xml version="1.0" encoding="UTF-8"?>
<!-- Generated by org.testng.reporters.JUnitReportReporter -->
<testsuite hostname="DESKTOP-2T02PLP" failures="0" tests="1" name="InterviewQuestion.WriteResponseBodyInFile" time="2.497" errors="0" timestamp="2023-08-21T10:50:10 IST" skipped="0">
  <testcase classname="InterviewQuestion.WriteResponseBodyInFile" name="writeInFile3" time="2.497"/>
  <system-out/>
</testsuite> <!-- InterviewQuestion.WriteResponseBodyInFile -->
