<?xml version="1.0" encoding="UTF-8"?>
<!-- Generated by org.testng.reporters.JUnitReportReporter -->
<testsuite hostname="DESKTOP-2T02PLP" failures="0" tests="1" name="CrudWithoutBddWithRmgYantra.CreateProject" time="3.703" errors="0" timestamp="2023-08-04T12:56:25 IST" skipped="0">
  <testcase classname="CrudWithoutBddWithRmgYantra.CreateProject" name="createProject" time="3.703"/>
  <system-out/>
</testsuite> <!-- CrudWithoutBddWithRmgYantra.CreateProject -->
