<?xml version="1.0" encoding="UTF-8"?>
<!-- Generated by org.testng.reporters.JUnitReportReporter -->
<testsuite hostname="DESKTOP-2T02PLP" failures="0" tests="1" name="CrudWithBddWithRmgyantra.DeleteProject" time="2.799" errors="0" timestamp="2023-08-04T16:15:39 IST" skipped="0">
  <testcase classname="CrudWithBddWithRmgyantra.DeleteProject" name="deleteProject" time="2.799"/>
  <system-out/>
</testsuite> <!-- CrudWithBddWithRmgyantra.DeleteProject -->
